crate alpha b/16

conv1.weight     torch.Size([768, 3, 16, 16])
conv1.bias       torch.Size([768])
cls_token        torch.Size([1, 1, 768])
pos_embedding    torch.Size([1, 197, 768])
mlp_head.0.weight        torch.Size([768])
mlp_head.0.bias          torch.Size([768])
mlp_head.1.weight        torch.Size([1000, 768])
mlp_head.1.bias          torch.Size([1000])
transformer.layers.0.0.norm.weight       torch.Size([768])
transformer.layers.0.0.norm.bias         torch.Size([768])
transformer.layers.0.1.norm.weight       torch.Size([768])
transformer.layers.0.1.norm.bias         torch.Size([768])
transformer.layers.0.0.fn.qkv.weight     torch.Size([768, 768])
transformer.layers.0.0.fn.to_out.0.weight        torch.Size([768, 768])
transformer.layers.0.1.fn.D      torch.Size([768, 3072])
transformer.layers.0.1.fn.D1     torch.Size([768, 3072])
transformer.layers.1.0.norm.weight       torch.Size([768])
transformer.layers.1.0.norm.bias         torch.Size([768])
transformer.layers.1.1.norm.weight       torch.Size([768])
transformer.layers.1.1.norm.bias         torch.Size([768])
transformer.layers.1.0.fn.qkv.weight     torch.Size([768, 768])
transformer.layers.1.0.fn.to_out.0.weight        torch.Size([768, 768])
transformer.layers.1.1.fn.D      torch.Size([768, 3072])
transformer.layers.1.1.fn.D1     torch.Size([768, 3072])
transformer.layers.10.0.norm.weight      torch.Size([768])
transformer.layers.10.0.norm.bias        torch.Size([768])
transformer.layers.10.1.norm.weight      torch.Size([768])
transformer.layers.10.1.norm.bias        torch.Size([768])
transformer.layers.10.0.fn.qkv.weight    torch.Size([768, 768])
transformer.layers.10.0.fn.to_out.0.weight       torch.Size([768, 768])
transformer.layers.10.1.fn.D     torch.Size([768, 3072])
transformer.layers.10.1.fn.D1    torch.Size([768, 3072])
transformer.layers.11.0.norm.weight      torch.Size([768])
transformer.layers.11.0.norm.bias        torch.Size([768])
transformer.layers.11.1.norm.weight      torch.Size([768])
transformer.layers.11.1.norm.bias        torch.Size([768])
transformer.layers.11.0.fn.qkv.weight    torch.Size([768, 768])
transformer.layers.11.0.fn.to_out.0.weight       torch.Size([768, 768])
transformer.layers.11.1.fn.D     torch.Size([768, 3072])
transformer.layers.11.1.fn.D1    torch.Size([768, 3072])
transformer.layers.2.0.norm.weight       torch.Size([768])
transformer.layers.2.0.norm.bias         torch.Size([768])
transformer.layers.2.1.norm.weight       torch.Size([768])
transformer.layers.2.1.norm.bias         torch.Size([768])
transformer.layers.2.0.fn.qkv.weight     torch.Size([768, 768])
transformer.layers.2.0.fn.to_out.0.weight        torch.Size([768, 768])
transformer.layers.2.1.fn.D      torch.Size([768, 3072])
transformer.layers.2.1.fn.D1     torch.Size([768, 3072])
transformer.layers.3.0.norm.weight       torch.Size([768])
transformer.layers.3.0.norm.bias         torch.Size([768])
transformer.layers.3.1.norm.weight       torch.Size([768])
transformer.layers.3.1.norm.bias         torch.Size([768])
transformer.layers.3.0.fn.qkv.weight     torch.Size([768, 768])
transformer.layers.3.0.fn.to_out.0.weight        torch.Size([768, 768])
transformer.layers.3.1.fn.D      torch.Size([768, 3072])
transformer.layers.3.1.fn.D1     torch.Size([768, 3072])
transformer.layers.4.0.norm.weight       torch.Size([768])
transformer.layers.4.0.norm.bias         torch.Size([768])
transformer.layers.4.1.norm.weight       torch.Size([768])
transformer.layers.4.1.norm.bias         torch.Size([768])
transformer.layers.4.0.fn.qkv.weight     torch.Size([768, 768])
transformer.layers.4.0.fn.to_out.0.weight        torch.Size([768, 768])
transformer.layers.4.1.fn.D      torch.Size([768, 3072])
transformer.layers.4.1.fn.D1     torch.Size([768, 3072])
transformer.layers.5.0.norm.weight       torch.Size([768])
transformer.layers.5.0.norm.bias         torch.Size([768])
transformer.layers.5.1.norm.weight       torch.Size([768])
transformer.layers.5.1.norm.bias         torch.Size([768])
transformer.layers.5.0.fn.qkv.weight     torch.Size([768, 768])
transformer.layers.5.0.fn.to_out.0.weight        torch.Size([768, 768])
transformer.layers.5.1.fn.D      torch.Size([768, 3072])
transformer.layers.5.1.fn.D1     torch.Size([768, 3072])
transformer.layers.6.0.norm.weight       torch.Size([768])
transformer.layers.6.0.norm.bias         torch.Size([768])
transformer.layers.6.1.norm.weight       torch.Size([768])
transformer.layers.6.1.norm.bias         torch.Size([768])
transformer.layers.6.0.fn.qkv.weight     torch.Size([768, 768])
transformer.layers.6.0.fn.to_out.0.weight        torch.Size([768, 768])
transformer.layers.6.1.fn.D      torch.Size([768, 3072])
transformer.layers.6.1.fn.D1     torch.Size([768, 3072])
transformer.layers.7.0.norm.weight       torch.Size([768])
transformer.layers.7.0.norm.bias         torch.Size([768])
transformer.layers.7.1.norm.weight       torch.Size([768])
transformer.layers.7.1.norm.bias         torch.Size([768])
transformer.layers.7.0.fn.qkv.weight     torch.Size([768, 768])
transformer.layers.7.0.fn.to_out.0.weight        torch.Size([768, 768])
transformer.layers.7.1.fn.D      torch.Size([768, 3072])
transformer.layers.7.1.fn.D1     torch.Size([768, 3072])
transformer.layers.8.0.norm.weight       torch.Size([768])
transformer.layers.8.0.norm.bias         torch.Size([768])
transformer.layers.8.1.norm.weight       torch.Size([768])
transformer.layers.8.1.norm.bias         torch.Size([768])
transformer.layers.8.0.fn.qkv.weight     torch.Size([768, 768])
transformer.layers.8.0.fn.to_out.0.weight        torch.Size([768, 768])
transformer.layers.8.1.fn.D      torch.Size([768, 3072])
transformer.layers.8.1.fn.D1     torch.Size([768, 3072])
transformer.layers.9.0.norm.weight       torch.Size([768])
transformer.layers.9.0.norm.bias         torch.Size([768])
transformer.layers.9.1.norm.weight       torch.Size([768])
transformer.layers.9.1.norm.bias         torch.Size([768])
transformer.layers.9.0.fn.qkv.weight     torch.Size([768, 768])
transformer.layers.9.0.fn.to_out.0.weight        torch.Size([768, 768])
transformer.layers.9.1.fn.D      torch.Size([768, 3072])
transformer.layers.9.1.fn.D1     torch.Size([768, 3072])


vanilla crate base 32

conv1.weight     torch.Size([768, 3, 32, 32])
conv1.bias       torch.Size([768])
cls_token        torch.Size([1, 1, 768])
pos_embedding    torch.Size([1, 50, 768])
mlp_head.0.weight        torch.Size([768])
mlp_head.0.bias          torch.Size([768])
mlp_head.1.weight        torch.Size([19167, 768])
mlp_head.1.bias          torch.Size([19167])
transformer.layers.0.0.norm.weight       torch.Size([768])
transformer.layers.0.0.norm.bias         torch.Size([768])
transformer.layers.0.1.norm.weight       torch.Size([768])
transformer.layers.0.1.norm.bias         torch.Size([768])
transformer.layers.0.0.fn.qkv.weight     torch.Size([768, 768])
transformer.layers.0.0.fn.to_out.0.weight        torch.Size([768, 768])
transformer.layers.0.1.fn.D      torch.Size([768, 768])
transformer.layers.1.0.norm.weight       torch.Size([768])
transformer.layers.1.0.norm.bias         torch.Size([768])
transformer.layers.1.1.norm.weight       torch.Size([768])
transformer.layers.1.1.norm.bias         torch.Size([768])
transformer.layers.1.0.fn.qkv.weight     torch.Size([768, 768])
transformer.layers.1.0.fn.to_out.0.weight        torch.Size([768, 768])
transformer.layers.1.1.fn.D      torch.Size([768, 768])
transformer.layers.10.0.norm.weight      torch.Size([768])
transformer.layers.10.0.norm.bias        torch.Size([768])
transformer.layers.10.1.norm.weight      torch.Size([768])
transformer.layers.10.1.norm.bias        torch.Size([768])
transformer.layers.10.0.fn.qkv.weight    torch.Size([768, 768])
transformer.layers.10.0.fn.to_out.0.weight       torch.Size([768, 768])
transformer.layers.10.1.fn.D     torch.Size([768, 768])
transformer.layers.11.0.norm.weight      torch.Size([768])
transformer.layers.11.0.norm.bias        torch.Size([768])
transformer.layers.11.1.norm.weight      torch.Size([768])
transformer.layers.11.1.norm.bias        torch.Size([768])
transformer.layers.11.0.fn.qkv.weight    torch.Size([768, 768])
transformer.layers.11.0.fn.to_out.0.weight       torch.Size([768, 768])
transformer.layers.11.1.fn.D     torch.Size([768, 768])
transformer.layers.2.0.norm.weight       torch.Size([768])
transformer.layers.2.0.norm.bias         torch.Size([768])
transformer.layers.2.1.norm.weight       torch.Size([768])
transformer.layers.2.1.norm.bias         torch.Size([768])
transformer.layers.2.0.fn.qkv.weight     torch.Size([768, 768])
transformer.layers.2.0.fn.to_out.0.weight        torch.Size([768, 768])
transformer.layers.2.1.fn.D      torch.Size([768, 768])
transformer.layers.3.0.norm.weight       torch.Size([768])
transformer.layers.3.0.norm.bias         torch.Size([768])
transformer.layers.3.1.norm.weight       torch.Size([768])
transformer.layers.3.1.norm.bias         torch.Size([768])
transformer.layers.3.0.fn.qkv.weight     torch.Size([768, 768])
transformer.layers.3.0.fn.to_out.0.weight        torch.Size([768, 768])
transformer.layers.3.1.fn.D      torch.Size([768, 768])
transformer.layers.4.0.norm.weight       torch.Size([768])
transformer.layers.4.0.norm.bias         torch.Size([768])
transformer.layers.4.1.norm.weight       torch.Size([768])
transformer.layers.4.1.norm.bias         torch.Size([768])
transformer.layers.4.0.fn.qkv.weight     torch.Size([768, 768])
transformer.layers.4.0.fn.to_out.0.weight        torch.Size([768, 768])
transformer.layers.4.1.fn.D      torch.Size([768, 768])
transformer.layers.5.0.norm.weight       torch.Size([768])
transformer.layers.5.0.norm.bias         torch.Size([768])
transformer.layers.5.1.norm.weight       torch.Size([768])
transformer.layers.5.1.norm.bias         torch.Size([768])
transformer.layers.5.0.fn.qkv.weight     torch.Size([768, 768])
transformer.layers.5.0.fn.to_out.0.weight        torch.Size([768, 768])
transformer.layers.5.1.fn.D      torch.Size([768, 768])
transformer.layers.6.0.norm.weight       torch.Size([768])
transformer.layers.6.0.norm.bias         torch.Size([768])
transformer.layers.6.1.norm.weight       torch.Size([768])
transformer.layers.6.1.norm.bias         torch.Size([768])
transformer.layers.6.0.fn.qkv.weight     torch.Size([768, 768])
transformer.layers.6.0.fn.to_out.0.weight        torch.Size([768, 768])
transformer.layers.6.1.fn.D      torch.Size([768, 768])
transformer.layers.7.0.norm.weight       torch.Size([768])
transformer.layers.7.0.norm.bias         torch.Size([768])
transformer.layers.7.1.norm.weight       torch.Size([768])
transformer.layers.7.1.norm.bias         torch.Size([768])
transformer.layers.7.0.fn.qkv.weight     torch.Size([768, 768])
transformer.layers.7.0.fn.to_out.0.weight        torch.Size([768, 768])
transformer.layers.7.1.fn.D      torch.Size([768, 768])
transformer.layers.8.0.norm.weight       torch.Size([768])
transformer.layers.8.0.norm.bias         torch.Size([768])
transformer.layers.8.1.norm.weight       torch.Size([768])
transformer.layers.8.1.norm.bias         torch.Size([768])
transformer.layers.8.0.fn.qkv.weight     torch.Size([768, 768])
transformer.layers.8.0.fn.to_out.0.weight        torch.Size([768, 768])
transformer.layers.8.1.fn.D      torch.Size([768, 768])
transformer.layers.9.0.norm.weight       torch.Size([768])
transformer.layers.9.0.norm.bias         torch.Size([768])
transformer.layers.9.1.norm.weight       torch.Size([768])
transformer.layers.9.1.norm.bias         torch.Size([768])
transformer.layers.9.0.fn.qkv.weight     torch.Size([768, 768])
transformer.layers.9.0.fn.to_out.0.weight        torch.Size([768, 768])
transformer.layers.9.1.fn.D      torch.Size([768, 768])