backbone.cls_token torch.Size([1, 1, 768])
backbone.pos_embed torch.Size([1, 1025, 768])
backbone.patch_embed.proj.weight torch.Size([768, 3, 16, 16])
backbone.patch_embed.proj.bias torch.Size([768])
backbone.blocks.0.gamma_1 torch.Size([768])
backbone.blocks.0.gamma_2 torch.Size([768])
backbone.blocks.0.norm1.weight torch.Size([768])
backbone.blocks.0.norm1.bias torch.Size([768])
backbone.blocks.0.attn.relative_position_bias_table torch.Size([3972, 12])
backbone.blocks.0.attn.relative_position_index torch.Size([1025, 1025])
backbone.blocks.0.attn.qkv.weight torch.Size([2304, 768])
backbone.blocks.0.attn.qkv.bias torch.Size([2304])
backbone.blocks.0.attn.proj.weight torch.Size([768, 768])
backbone.blocks.0.attn.proj.bias torch.Size([768])
backbone.blocks.0.norm2.weight torch.Size([768])
backbone.blocks.0.norm2.bias torch.Size([768])
backbone.blocks.0.mlp.fc1.weight torch.Size([3072, 768])
backbone.blocks.0.mlp.fc1.bias torch.Size([3072])
backbone.blocks.0.mlp.fc2.weight torch.Size([768, 3072])
backbone.blocks.0.mlp.fc2.bias torch.Size([768])
backbone.blocks.1.gamma_1 torch.Size([768])
backbone.blocks.1.gamma_2 torch.Size([768])
backbone.blocks.1.norm1.weight torch.Size([768])
backbone.blocks.1.norm1.bias torch.Size([768])
backbone.blocks.1.attn.relative_position_bias_table torch.Size([3972, 12])
backbone.blocks.1.attn.relative_position_index torch.Size([1025, 1025])
backbone.blocks.1.attn.qkv.weight torch.Size([2304, 768])
backbone.blocks.1.attn.qkv.bias torch.Size([2304])
backbone.blocks.1.attn.proj.weight torch.Size([768, 768])
backbone.blocks.1.attn.proj.bias torch.Size([768])
backbone.blocks.1.norm2.weight torch.Size([768])
backbone.blocks.1.norm2.bias torch.Size([768])
backbone.blocks.1.mlp.fc1.weight torch.Size([3072, 768])
backbone.blocks.1.mlp.fc1.bias torch.Size([3072])
backbone.blocks.1.mlp.fc2.weight torch.Size([768, 3072])
backbone.blocks.1.mlp.fc2.bias torch.Size([768])
backbone.blocks.2.gamma_1 torch.Size([768])
backbone.blocks.2.gamma_2 torch.Size([768])
backbone.blocks.2.norm1.weight torch.Size([768])
backbone.blocks.2.norm1.bias torch.Size([768])
backbone.blocks.2.attn.relative_position_bias_table torch.Size([3972, 12])
backbone.blocks.2.attn.relative_position_index torch.Size([1025, 1025])
backbone.blocks.2.attn.qkv.weight torch.Size([2304, 768])
backbone.blocks.2.attn.qkv.bias torch.Size([2304])
backbone.blocks.2.attn.proj.weight torch.Size([768, 768])
backbone.blocks.2.attn.proj.bias torch.Size([768])
backbone.blocks.2.norm2.weight torch.Size([768])
backbone.blocks.2.norm2.bias torch.Size([768])
backbone.blocks.2.mlp.fc1.weight torch.Size([3072, 768])
backbone.blocks.2.mlp.fc1.bias torch.Size([3072])
backbone.blocks.2.mlp.fc2.weight torch.Size([768, 3072])
backbone.blocks.2.mlp.fc2.bias torch.Size([768])
backbone.blocks.3.gamma_1 torch.Size([768])
backbone.blocks.3.gamma_2 torch.Size([768])
backbone.blocks.3.norm1.weight torch.Size([768])
backbone.blocks.3.norm1.bias torch.Size([768])
backbone.blocks.3.attn.relative_position_bias_table torch.Size([3972, 12])
backbone.blocks.3.attn.relative_position_index torch.Size([1025, 1025])
backbone.blocks.3.attn.qkv.weight torch.Size([2304, 768])
backbone.blocks.3.attn.qkv.bias torch.Size([2304])
backbone.blocks.3.attn.proj.weight torch.Size([768, 768])
backbone.blocks.3.attn.proj.bias torch.Size([768])
backbone.blocks.3.norm2.weight torch.Size([768])
backbone.blocks.3.norm2.bias torch.Size([768])
backbone.blocks.3.mlp.fc1.weight torch.Size([3072, 768])
backbone.blocks.3.mlp.fc1.bias torch.Size([3072])
backbone.blocks.3.mlp.fc2.weight torch.Size([768, 3072])
backbone.blocks.3.mlp.fc2.bias torch.Size([768])
backbone.blocks.4.gamma_1 torch.Size([768])
backbone.blocks.4.gamma_2 torch.Size([768])
backbone.blocks.4.norm1.weight torch.Size([768])
backbone.blocks.4.norm1.bias torch.Size([768])
backbone.blocks.4.attn.relative_position_bias_table torch.Size([3972, 12])
backbone.blocks.4.attn.relative_position_index torch.Size([1025, 1025])
backbone.blocks.4.attn.qkv.weight torch.Size([2304, 768])
backbone.blocks.4.attn.qkv.bias torch.Size([2304])
backbone.blocks.4.attn.proj.weight torch.Size([768, 768])
backbone.blocks.4.attn.proj.bias torch.Size([768])
backbone.blocks.4.norm2.weight torch.Size([768])
backbone.blocks.4.norm2.bias torch.Size([768])
backbone.blocks.4.mlp.fc1.weight torch.Size([3072, 768])
backbone.blocks.4.mlp.fc1.bias torch.Size([3072])
backbone.blocks.4.mlp.fc2.weight torch.Size([768, 3072])
backbone.blocks.4.mlp.fc2.bias torch.Size([768])
backbone.blocks.5.gamma_1 torch.Size([768])
backbone.blocks.5.gamma_2 torch.Size([768])
backbone.blocks.5.norm1.weight torch.Size([768])
backbone.blocks.5.norm1.bias torch.Size([768])
backbone.blocks.5.attn.relative_position_bias_table torch.Size([3972, 12])
backbone.blocks.5.attn.relative_position_index torch.Size([1025, 1025])
backbone.blocks.5.attn.qkv.weight torch.Size([2304, 768])
backbone.blocks.5.attn.qkv.bias torch.Size([2304])
backbone.blocks.5.attn.proj.weight torch.Size([768, 768])
backbone.blocks.5.attn.proj.bias torch.Size([768])
backbone.blocks.5.norm2.weight torch.Size([768])
backbone.blocks.5.norm2.bias torch.Size([768])
backbone.blocks.5.mlp.fc1.weight torch.Size([3072, 768])
backbone.blocks.5.mlp.fc1.bias torch.Size([3072])
backbone.blocks.5.mlp.fc2.weight torch.Size([768, 3072])
backbone.blocks.5.mlp.fc2.bias torch.Size([768])
backbone.blocks.6.gamma_1 torch.Size([768])
backbone.blocks.6.gamma_2 torch.Size([768])
backbone.blocks.6.norm1.weight torch.Size([768])
backbone.blocks.6.norm1.bias torch.Size([768])
backbone.blocks.6.attn.relative_position_bias_table torch.Size([3972, 12])
backbone.blocks.6.attn.relative_position_index torch.Size([1025, 1025])
backbone.blocks.6.attn.qkv.weight torch.Size([2304, 768])
backbone.blocks.6.attn.qkv.bias torch.Size([2304])
backbone.blocks.6.attn.proj.weight torch.Size([768, 768])
backbone.blocks.6.attn.proj.bias torch.Size([768])
backbone.blocks.6.norm2.weight torch.Size([768])
backbone.blocks.6.norm2.bias torch.Size([768])
backbone.blocks.6.mlp.fc1.weight torch.Size([3072, 768])
backbone.blocks.6.mlp.fc1.bias torch.Size([3072])
backbone.blocks.6.mlp.fc2.weight torch.Size([768, 3072])
backbone.blocks.6.mlp.fc2.bias torch.Size([768])
backbone.blocks.7.gamma_1 torch.Size([768])
backbone.blocks.7.gamma_2 torch.Size([768])
backbone.blocks.7.norm1.weight torch.Size([768])
backbone.blocks.7.norm1.bias torch.Size([768])
backbone.blocks.7.attn.relative_position_bias_table torch.Size([3972, 12])
backbone.blocks.7.attn.relative_position_index torch.Size([1025, 1025])
backbone.blocks.7.attn.qkv.weight torch.Size([2304, 768])
backbone.blocks.7.attn.qkv.bias torch.Size([2304])
backbone.blocks.7.attn.proj.weight torch.Size([768, 768])
backbone.blocks.7.attn.proj.bias torch.Size([768])
backbone.blocks.7.norm2.weight torch.Size([768])
backbone.blocks.7.norm2.bias torch.Size([768])
backbone.blocks.7.mlp.fc1.weight torch.Size([3072, 768])
backbone.blocks.7.mlp.fc1.bias torch.Size([3072])
backbone.blocks.7.mlp.fc2.weight torch.Size([768, 3072])
backbone.blocks.7.mlp.fc2.bias torch.Size([768])
backbone.blocks.8.gamma_1 torch.Size([768])
backbone.blocks.8.gamma_2 torch.Size([768])
backbone.blocks.8.norm1.weight torch.Size([768])
backbone.blocks.8.norm1.bias torch.Size([768])
backbone.blocks.8.attn.relative_position_bias_table torch.Size([3972, 12])
backbone.blocks.8.attn.relative_position_index torch.Size([1025, 1025])
backbone.blocks.8.attn.qkv.weight torch.Size([2304, 768])
backbone.blocks.8.attn.qkv.bias torch.Size([2304])
backbone.blocks.8.attn.proj.weight torch.Size([768, 768])
backbone.blocks.8.attn.proj.bias torch.Size([768])
backbone.blocks.8.norm2.weight torch.Size([768])
backbone.blocks.8.norm2.bias torch.Size([768])
backbone.blocks.8.mlp.fc1.weight torch.Size([3072, 768])
backbone.blocks.8.mlp.fc1.bias torch.Size([3072])
backbone.blocks.8.mlp.fc2.weight torch.Size([768, 3072])
backbone.blocks.8.mlp.fc2.bias torch.Size([768])
backbone.blocks.9.gamma_1 torch.Size([768])
backbone.blocks.9.gamma_2 torch.Size([768])
backbone.blocks.9.norm1.weight torch.Size([768])
backbone.blocks.9.norm1.bias torch.Size([768])
backbone.blocks.9.attn.relative_position_bias_table torch.Size([3972, 12])
backbone.blocks.9.attn.relative_position_index torch.Size([1025, 1025])
backbone.blocks.9.attn.qkv.weight torch.Size([2304, 768])
backbone.blocks.9.attn.qkv.bias torch.Size([2304])
backbone.blocks.9.attn.proj.weight torch.Size([768, 768])
backbone.blocks.9.attn.proj.bias torch.Size([768])
backbone.blocks.9.norm2.weight torch.Size([768])
backbone.blocks.9.norm2.bias torch.Size([768])
backbone.blocks.9.mlp.fc1.weight torch.Size([3072, 768])
backbone.blocks.9.mlp.fc1.bias torch.Size([3072])
backbone.blocks.9.mlp.fc2.weight torch.Size([768, 3072])
backbone.blocks.9.mlp.fc2.bias torch.Size([768])
backbone.blocks.10.gamma_1 torch.Size([768])
backbone.blocks.10.gamma_2 torch.Size([768])
backbone.blocks.10.norm1.weight torch.Size([768])
backbone.blocks.10.norm1.bias torch.Size([768])
backbone.blocks.10.attn.relative_position_bias_table torch.Size([3972, 12])
backbone.blocks.10.attn.relative_position_index torch.Size([1025, 1025])
backbone.blocks.10.attn.qkv.weight torch.Size([2304, 768])
backbone.blocks.10.attn.qkv.bias torch.Size([2304])
backbone.blocks.10.attn.proj.weight torch.Size([768, 768])
backbone.blocks.10.attn.proj.bias torch.Size([768])
backbone.blocks.10.norm2.weight torch.Size([768])
backbone.blocks.10.norm2.bias torch.Size([768])
backbone.blocks.10.mlp.fc1.weight torch.Size([3072, 768])
backbone.blocks.10.mlp.fc1.bias torch.Size([3072])
backbone.blocks.10.mlp.fc2.weight torch.Size([768, 3072])
backbone.blocks.10.mlp.fc2.bias torch.Size([768])
backbone.blocks.11.gamma_1 torch.Size([768])
backbone.blocks.11.gamma_2 torch.Size([768])
backbone.blocks.11.norm1.weight torch.Size([768])
backbone.blocks.11.norm1.bias torch.Size([768])
backbone.blocks.11.attn.relative_position_bias_table torch.Size([3972, 12])
backbone.blocks.11.attn.relative_position_index torch.Size([1025, 1025])
backbone.blocks.11.attn.qkv.weight torch.Size([2304, 768])
backbone.blocks.11.attn.qkv.bias torch.Size([2304])
backbone.blocks.11.attn.proj.weight torch.Size([768, 768])
backbone.blocks.11.attn.proj.bias torch.Size([768])
backbone.blocks.11.norm2.weight torch.Size([768])
backbone.blocks.11.norm2.bias torch.Size([768])
backbone.blocks.11.mlp.fc1.weight torch.Size([3072, 768])
backbone.blocks.11.mlp.fc1.bias torch.Size([3072])
backbone.blocks.11.mlp.fc2.weight torch.Size([768, 3072])
backbone.blocks.11.mlp.fc2.bias torch.Size([768])
backbone.fpn1.0.weight torch.Size([768, 768, 2, 2])
backbone.fpn1.0.bias torch.Size([768])
backbone.fpn1.1.weight torch.Size([768])
backbone.fpn1.1.bias torch.Size([768])
backbone.fpn1.1.running_mean torch.Size([768])
backbone.fpn1.1.running_var torch.Size([768])
backbone.fpn1.1.num_batches_tracked torch.Size([])
backbone.fpn1.3.weight torch.Size([768, 768, 2, 2])
backbone.fpn1.3.bias torch.Size([768])
backbone.fpn2.0.weight torch.Size([768, 768, 2, 2])
backbone.fpn2.0.bias torch.Size([768])
decode_head.conv_seg.weight torch.Size([150, 768, 1, 1])
decode_head.conv_seg.bias torch.Size([150])
decode_head.psp_modules.0.1.conv.weight torch.Size([768, 768, 1, 1])
decode_head.psp_modules.0.1.bn.weight torch.Size([768])
decode_head.psp_modules.0.1.bn.bias torch.Size([768])
decode_head.psp_modules.0.1.bn.running_mean torch.Size([768])
decode_head.psp_modules.0.1.bn.running_var torch.Size([768])
decode_head.psp_modules.0.1.bn.num_batches_tracked torch.Size([])
decode_head.psp_modules.1.1.conv.weight torch.Size([768, 768, 1, 1])
decode_head.psp_modules.1.1.bn.weight torch.Size([768])
decode_head.psp_modules.1.1.bn.bias torch.Size([768])
decode_head.psp_modules.1.1.bn.running_mean torch.Size([768])
decode_head.psp_modules.1.1.bn.running_var torch.Size([768])
decode_head.psp_modules.1.1.bn.num_batches_tracked torch.Size([])
decode_head.psp_modules.2.1.conv.weight torch.Size([768, 768, 1, 1])
decode_head.psp_modules.2.1.bn.weight torch.Size([768])
decode_head.psp_modules.2.1.bn.bias torch.Size([768])
decode_head.psp_modules.2.1.bn.running_mean torch.Size([768])
decode_head.psp_modules.2.1.bn.running_var torch.Size([768])
decode_head.psp_modules.2.1.bn.num_batches_tracked torch.Size([])
decode_head.psp_modules.3.1.conv.weight torch.Size([768, 768, 1, 1])
decode_head.psp_modules.3.1.bn.weight torch.Size([768])
decode_head.psp_modules.3.1.bn.bias torch.Size([768])
decode_head.psp_modules.3.1.bn.running_mean torch.Size([768])
decode_head.psp_modules.3.1.bn.running_var torch.Size([768])
decode_head.psp_modules.3.1.bn.num_batches_tracked torch.Size([])
decode_head.bottleneck.conv.weight torch.Size([768, 3840, 3, 3])
decode_head.bottleneck.bn.weight torch.Size([768])
decode_head.bottleneck.bn.bias torch.Size([768])
decode_head.bottleneck.bn.running_mean torch.Size([768])
decode_head.bottleneck.bn.running_var torch.Size([768])
decode_head.bottleneck.bn.num_batches_tracked torch.Size([])
decode_head.lateral_convs.0.conv.weight torch.Size([768, 768, 1, 1])
decode_head.lateral_convs.0.bn.weight torch.Size([768])
decode_head.lateral_convs.0.bn.bias torch.Size([768])
decode_head.lateral_convs.0.bn.running_mean torch.Size([768])
decode_head.lateral_convs.0.bn.running_var torch.Size([768])
decode_head.lateral_convs.0.bn.num_batches_tracked torch.Size([])
decode_head.lateral_convs.1.conv.weight torch.Size([768, 768, 1, 1])
decode_head.lateral_convs.1.bn.weight torch.Size([768])
decode_head.lateral_convs.1.bn.bias torch.Size([768])
decode_head.lateral_convs.1.bn.running_mean torch.Size([768])
decode_head.lateral_convs.1.bn.running_var torch.Size([768])
decode_head.lateral_convs.1.bn.num_batches_tracked torch.Size([])
decode_head.lateral_convs.2.conv.weight torch.Size([768, 768, 1, 1])
decode_head.lateral_convs.2.bn.weight torch.Size([768])
decode_head.lateral_convs.2.bn.bias torch.Size([768])
decode_head.lateral_convs.2.bn.running_mean torch.Size([768])
decode_head.lateral_convs.2.bn.running_var torch.Size([768])
decode_head.lateral_convs.2.bn.num_batches_tracked torch.Size([])
decode_head.fpn_convs.0.conv.weight torch.Size([768, 768, 3, 3])
decode_head.fpn_convs.0.bn.weight torch.Size([768])
decode_head.fpn_convs.0.bn.bias torch.Size([768])
decode_head.fpn_convs.0.bn.running_mean torch.Size([768])
decode_head.fpn_convs.0.bn.running_var torch.Size([768])
decode_head.fpn_convs.0.bn.num_batches_tracked torch.Size([])
decode_head.fpn_convs.1.conv.weight torch.Size([768, 768, 3, 3])
decode_head.fpn_convs.1.bn.weight torch.Size([768])
decode_head.fpn_convs.1.bn.bias torch.Size([768])
decode_head.fpn_convs.1.bn.running_mean torch.Size([768])
decode_head.fpn_convs.1.bn.running_var torch.Size([768])
decode_head.fpn_convs.1.bn.num_batches_tracked torch.Size([])
decode_head.fpn_convs.2.conv.weight torch.Size([768, 768, 3, 3])
decode_head.fpn_convs.2.bn.weight torch.Size([768])
decode_head.fpn_convs.2.bn.bias torch.Size([768])
decode_head.fpn_convs.2.bn.running_mean torch.Size([768])
decode_head.fpn_convs.2.bn.running_var torch.Size([768])
decode_head.fpn_convs.2.bn.num_batches_tracked torch.Size([])
decode_head.fpn_bottleneck.conv.weight torch.Size([768, 3072, 3, 3])
decode_head.fpn_bottleneck.bn.weight torch.Size([768])
decode_head.fpn_bottleneck.bn.bias torch.Size([768])
decode_head.fpn_bottleneck.bn.running_mean torch.Size([768])
decode_head.fpn_bottleneck.bn.running_var torch.Size([768])
decode_head.fpn_bottleneck.bn.num_batches_tracked torch.Size([])
auxiliary_head.conv_seg.weight torch.Size([150, 256, 1, 1])
auxiliary_head.conv_seg.bias torch.Size([150])
auxiliary_head.convs.0.conv.weight torch.Size([256, 768, 3, 3])
auxiliary_head.convs.0.bn.weight torch.Size([256])
auxiliary_head.convs.0.bn.bias torch.Size([256])
auxiliary_head.convs.0.bn.running_mean torch.Size([256])
auxiliary_head.convs.0.bn.running_var torch.Size([256])
auxiliary_head.convs.0.bn.num_batches_tracked torch.Size([])
